<?xml version="1.0" encoding="UTF-8"?>
<!-- Generated by org.testng.reporters.JUnitXMLReporter -->
<testsuite ignored="3" hostname="DESKTOP-KN2Q89G" failures="0" tests="0" time="0.018" errors="0" timestamp="2024-03-09T14:30:25 IST">
  <testcase classname="com.gpn.test.LoginTest" name="test2" time="0.0">
    <ignored/>
  </testcase> <!-- test2 -->
  <testcase classname="com.gpn.test.LoginTest" name="test3" time="0.0">
    <ignored/>
  </testcase> <!-- test3 -->
  <testcase classname="com.gpn.test.LoginTest" name="test1" time="0.0">
    <ignored/>
  </testcase> <!-- test1 -->
</testsuite>
