<?xml version="1.0" encoding="UTF-8"?>
<!-- Generated by org.testng.reporters.JUnitXMLReporter -->
<testsuite ignored="0" hostname="DESKTOP-KN2Q89G" failures="1" tests="5" name="test" time="25.302" errors="0" timestamp="2024-03-13T14:47:33 JST">
  <testcase classname="com.gpn.test.DummyPageTest" name="test3" time="1.012">
    <failure type="java.lang.AssertionError" message="expected [true] but found [false]">
      <![CDATA[java.lang.AssertionError: expected [true] but found [false]
at com.gpn.test.DummyPageTest.test3(DummyPageTest.java:39)
at java.base/java.util.concurrent.Executors$RunnableAdapter.call(Executors.java:539)
at java.base/java.util.concurrent.FutureTask.run(FutureTask.java:264)
at java.base/java.util.concurrent.ThreadPoolExecutor.runWorker(ThreadPoolExecutor.java:1136)
at java.base/java.util.concurrent.ThreadPoolExecutor$Worker.run(ThreadPoolExecutor.java:635)
at java.base/java.lang.Thread.run(Thread.java:833)
... Removed 20 stack frames]]>
    </failure>
  </testcase> <!-- test3 -->
  <testcase classname="com.gpn.test.DummyPageTest" name="test1" time="3.176"/>
  <testcase classname="com.gpn.test.DummyPageTest" name="test4" time="0.926">
    <skipped/>
  </testcase> <!-- test4 -->
  <testcase classname="com.gpn.test.LoginTest" name="alfaDOCKLoginTest" time="5.904"/>
  <testcase classname="com.gpn.test.DummyPageTest" name="test2" time="2.221"/>
</testsuite> <!-- test -->
